
=====================================================================
This module is intended solely for building or source activating user
python environments, i.e.,

    mamba create -n myenv -c conda-forge

or

    source activate myenv

To list available environments, run:

    mamba info --envs

See our docs: https://links.asu.edu/solpy

Any other use is NOT TESTED.
=====================================================================

  

=====================================================================
plink 1.90 BETA
=====================================================================

To use this module use the command "plink"

  
chr16
Output directory is /scratch/bmarine2/meQTL-241101-GEMMA/gemma_out
Generate a XX kb window around each methylation site
Get the vcf file from the imputed vcf
Filter VCF for SNPs within 50kb of CpG regions
***** WARNING: File /scratch/bmarine2/meQTL-241101-GEMMA/gemma_out/methylation_regions_chr16.bed has inconsistent naming convention for record:
116310 95021 85665 24271 59537 96724 5057 8936 87278 63317 69899 60812 38367 81279 117552 63076 87852 85199 44305 47918 111642 84391 21970 3091 68856 112120 110915 49565 76780 79839 81276 99570 100703 112167 18803 109569 58474 99243 72740 116630 113431 76628 107147 81582 69487 108244 41125 55684 51329 107114 106181 79124 69942 13877 85517 108032 83318 98794 95604 108954 79351 112828 102310 79841 69239 57719 56728 79817 45500 4352 64685 85251 73745 69498 9114 90261 99704 98697 29084 100033 82567 8675 78481 67244 71683 85296 85057 85798 19422 52033 45918 77668 45473 79014 86795 99565 65385 75945 85064 98976 29058 52581 36879 47979 39075 9780 86415 85082 82722 98959 59573 99805 58787 63553 95322 24899 14042 81771 100242 63034 74429 78597 17854 68086 67089 70694 83123 73237 68409 80099 84008 90802 94033 59058 76704 95982 111614 111747 28063 613 75482 76254 72599 113686 55082 80300 110564 95810 95190 62476 110540 120116 118204 44899 57669 49838 84002 69452 76876 95897 109412 113940 52384 17037 112861 96381 89155 

***** WARNING: File /scratch/bmarine2/meQTL-241101-GEMMA/gemma_out/methylation_regions_chr16.bed has inconsistent naming convention for record:
116310 95021 85665 24271 59537 96724 5057 8936 87278 63317 69899 60812 38367 81279 117552 63076 87852 85199 44305 47918 111642 84391 21970 3091 68856 112120 110915 49565 76780 79839 81276 99570 100703 112167 18803 109569 58474 99243 72740 116630 113431 76628 107147 81582 69487 108244 41125 55684 51329 107114 106181 79124 69942 13877 85517 108032 83318 98794 95604 108954 79351 112828 102310 79841 69239 57719 56728 79817 45500 4352 64685 85251 73745 69498 9114 90261 99704 98697 29084 100033 82567 8675 78481 67244 71683 85296 85057 85798 19422 52033 45918 77668 45473 79014 86795 99565 65385 75945 85064 98976 29058 52581 36879 47979 39075 9780 86415 85082 82722 98959 59573 99805 58787 63553 95322 24899 14042 81771 100242 63034 74429 78597 17854 68086 67089 70694 83123 73237 68409 80099 84008 90802 94033 59058 76704 95982 111614 111747 28063 613 75482 76254 72599 113686 55082 80300 110564 95810 95190 62476 110540 120116 118204 44899 57669 49838 84002 69452 76876 95897 109412 113940 52384 17037 112861 96381 89155 

Convert the filtered VCF to PLINK format
PLINK v1.90b7 64-bit (16 Jan 2023)             www.cog-genomics.org/plink/1.9/
(C) 2005-2023 Shaun Purcell, Christopher Chang   GNU General Public License v3
Logging to /scratch/bmarine2/meQTL-241101-GEMMA/gemma_out/filtered_genotypes_chr16.log.
Options in effect:
  --allow-extra-chr
  --chr-set 38
  --geno 0
  --ld-window-kb 70
  --ld-window-r2 0.2
  --maf 0.1
  --make-bed
  --out /scratch/bmarine2/meQTL-241101-GEMMA/gemma_out/filtered_genotypes_chr16
  --r2
  --snps-only
  --vcf /scratch/bmarine2/meQTL-241101-GEMMA/gemma_out/filtered_chr16_header.vcf

515557 MB RAM detected; reserving 257778 MB for main workspace.
Error: Missing header line in .vcf file.
